Mar 14 2008 /a2ps/4.14-1/a2ps-4.14-1-dep.zip
Nov 19 2005 /asciichart/0.9/ascii_chart-0.9-dep.zip
Mar 15 2004 /attr/2.4.14/attr-2.4.14-dep.zip
May 09 2007 /barcode/0.98-2/barcode-0.98-2-dep.zip
Mar 11 2005 /bc/1.06-2/bc-1.06-2-dep.zip
Mar 14 2008 /bison/2.4.1/bison-2.4.1-dep.zip
Mar 11 2005 /calc/2.11.10.1/calc-2.11.10.1-dep.zip
Oct 25 2003 /chess/5.07/chess-5.07-dep.zip
Apr 21 2005 /coreutils/5.3.0/coreutils-5.3.0-dep.zip
Mar 09 2006 /cpio/2.6-2/cpio-2.6-2-dep.zip
Aug 21 2005 /cygutils/1.2.9/cygutils-1.2.9-dep.zip
Mar 24 2004 /deroff/2.0/deroff-2.0-dep.zip
Sep 13 2007 /diction/1.11/diction-1.11-dep.zip
May 24 2004 /diffutils/2.8.7-1/diffutils-2.8.7-1-dep.zip
Mar 15 2008 /ed/0.9/ed-0.9-dep.zip
Mar 29 2006 /fax2png/1.0-1/fax2png-1.0-1-dep.zip
Feb 04 2008 /file/4.23/file-4.23-dep.zip
Apr 18 2005 /findutils/4.2.20-2/findutils-4.2.20-2-dep.zip
Mar 14 2008 /freetype/2.3.5-1/freetype-2.3.5-1-dep.zip
Nov 14 2004 /gawk/3.1.4/gawk-3.1.4-dep.zip
Nov 28 2004 /gcal/3.01-1/gcal-3.01-1-dep.zip
Aug 26 2005 /gd/2.0.33-1/gd-2.0.33-1-dep.zip
May 07 2005 /gettext/0.14.4/gettext-0.14.4-dep.zip
Feb 21 2007 /giflib/4.1.4-1/giflib-4.1.4-1-dep.zip
Feb 10 2008 /glpk/4.34/glpk-4.34-dep.zip
Mar 14 2008 /grep/2.5.3/grep-2.5.3-dep.zip
Jan 29 2006 /gri/2.12.10/gri-2.12.10-dep.zip
Mar 14 2008 /groff/1.20.1/groff-1.20.1-dep.zip
Feb 10 2008 /hello/2.3/hello-2.3-dep.zip
May 14 2005 /hp2xx/3.4.4-2/hp2xx-3.4.4-2-dep.zip
Mar 09 2006 /id-utils/4.0-2/id-utils-4.0-2-dep.zip
Mar 14 2008 /indent/2.2.10/indent-2.2.10-dep.zip
Nov 28 2004 /iristools/2.1.5-10/sgitools-2.1.5-10-dep.zip
May 15 2005 /jpeg/6b-4/jpeg-6b-4-dep.zip
Sep 09 2005 /jwhois/3.2.3/jwhois-3.2.3-dep.zip
Jan 03 2006 /less/394/less-394-dep.zip
Mar 31 2008 /libarchive/2.4.12-1/libarchive-2.4.12-1-dep.zip
Aug 20 2005 /libconfig/0.1.16/libconfig-0.1.16-dep.zip
Jan 29 2006 /libiconv/1.9.2-1/libiconv-1.9.2-1-dep.zip
May 07 2005 /libintl/0.14.4/libintl-0.14.4-dep.zip
Jan 02 2008 /libpng/1.2.24/libpng-1.2.24-dep.zip
Mar 01 2007 /libungif/4.1.4-1/libungif-4.1.4-1-dep.zip
Jan 18 2005 /libwmf/0.2.8.3-1/libwmf-0.2.8.3-1-dep.zip
May 25 2010 /m4/1.4.14-1/m4-1.4.14-1-dep.zip
Nov 25 2006 /make/3.81/make-3.81-dep.zip
May 12 2005 /netpbm/10.27/netpbm-10.27-dep.zip
Mar 15 2004 /ntfsprogs/1.9.0/ntfsprogs-1.9.0-dep.zip
Nov 19 2005 /pcre/6.4/pcre-6.4-dep.zip
Nov 19 2005 /piechart/0.13/piechart-0.13-dep.zip
Apr 16 2004 /plotutils/2.4.1-4/plotutils-2.4.1-4-dep.zip
Jan 26 2004 /pngutils/1.2.5/pngutils-1.2.5-dep.zip
Oct 04 2003 /popt/1.8-1/popt-1.8-1-dep.zip
Nov 19 2005 /psutils/1.17-2/psutils-1.17-2-dep.zip
Dec 28 2010 /sed/4.2.1/sed-4.2.1-dep.zip
Mar 12 2004 /sharutils/4.2.1-3/sharutils-4.2.1-3-dep.zip
Oct 03 2003 /tar/1.13-1/tar-1.13-1-dep.zip
Oct 24 2007 /texinfo/4.13a/texinfo-4.13a-dep.zip
Mar 30 2006 /tiff/3.8.2-1/tiff-3.8.2-1-dep.zip
Mar 14 2008 /tre/0.7.5/tre-0.7.5-dep.zip
Jan 02 2004 /ttf2pt1/3.4.4/ttf2pt1-3.4.4-dep.zip
Mar 11 2005 /units/1.80/units-1.80-dep.zip
Dec 27 2003 /urt/3.1b1-2/urt-3.1.b.1-2-dep.zip
May 06 2005 /util-linux/2.14.1/util-linux-ng-2.14.1-dep.zip
Sep 03 2008 /wget/1.11.4/wget-1.11.4-dep.zip
Nov 21 2004 /wv/1.0.2/wv-1.0.2-dep.zip
Feb 14 2005 /xpm/3.5.1-1/xpm-3.5.1-1-dep.zip
Feb 14 2005 /xpm2wico/0.2.4.3/xpm2wico-0.2.4.3-dep.zip
Aug 26 2005 /zimg/4.24.0/zimg-4.24.0-dep.zip
Mar 31 2008 /zip/3.0/zip-3.0-dep.zip
