Mar 14 2008 /a2ps/4.14-1/a2ps-4.14-1-lib.zip
Mar 15 2004 /attr/2.4.14/attr-2.4.14-lib.zip
Nov 19 2005 /awka/0.7.5-1/awka-0.7.5-1-lib.zip
May 09 2007 /barcode/0.98-2/barcode-0.98-2-lib.zip
May 04 2009 /bison/2.4.1/bison-2.4.1-lib.zip
Mar 20 2008 /bzip2/1.0.5/bzip2-1.0.5-lib.zip
Mar 12 2005 /calc/2.11.10.1/calc-2.11.10.1-lib.zip
Nov 19 2005 /compface/1.5.2/compface-1.5.2-lib.zip
Apr 30 2002 /crypt/2.2.5/crypt-2.2.5-lib.zip
Sep 26 2008 /cygutils/1.3.2/cygutils-1.3.2-lib.zip
Jan 08 2006 /edll/0.6/edll-0.6-lib.zip
Jan 08 2006 /edll-bfd/0.6/edll-bfd-0.6-lib.zip
Mar 24 2004 /fdlibm/5.2-2/fdlibm-5.2-2-lib.zip
May 07 2009 /file/5.03/file-5.03-lib.zip
Apr 11 2004 /flex/2.5.4a-1/flex-2.5.4a-1-lib.zip
Mar 14 2008 /freetype/2.3.5-1/freetype-2.3.5-1-lib.zip
Aug 22 2001 /gawk/3.1.0-1/gawk-3.1.0-1-lib.zip
Aug 26 2005 /gd/2.0.33-1/gd-2.0.33-1-lib.zip
Dec 18 2004 /gdbm/1.8.3-1/gdbm-1.8.3-1-lib.zip
Jul 07 2007 /gengetopt/2.20/gengetopt-2.20-lib.zip
May 07 2005 /gettext/0.14.4/gettext-0.14.4-lib.zip
Feb 21 2007 /giflib/4.1.4-1/giflib-4.1.4-1-lib.zip
Dec 04 2008 /glpk/4.34/glpk-4.34-lib.zip
Jan 10 2009 /groff/1.20.1/groff-1.20.1-lib.zip
Jul 11 2006 /gsl/1.8/gsl-1.8-lib.zip
Nov 28 2004 /iristools/2.1.5-10/sgitools-2.1.5-10-lib.zip
Jun 11 2004 /jbigkit/1.6/jbigkit-1.6-lib.zip
May 15 2005 /jpeg/6b-4/jpeg-6b-4-lib.zip
Jun 27 2008 /libarchive/2.4.12-1/libarchive-2.4.12-1-lib.zip
Nov 19 2005 /libart_lgpl/2.3.17/libart_lgpl-2.3.17-lib.zip
Aug 20 2005 /libconfig/0.1.16/libconfig-0.1.16-lib.zip
Jan 10 2004 /libgw32c/0.4/libgw32c-0.4-lib.zip
Jan 29 2006 /libiconv/1.9.2-1/libiconv-1.9.2-1-lib.zip
May 07 2005 /libintl/0.14.4/libintl-0.14.4-lib.zip
Aug 20 2005 /libopennet/0.9.1/libopennet-0.9.1-lib.zip
May 09 2007 /libpaper/1.1.21/libpaper-1.1.21-lib.zip
Jun 04 2009 /libpng/1.2.37/libpng-1.2.37-lib.zip
Feb 10 2008 /libtool/1.5.28/libtool-1.5.26-lib.zip
Mar 01 2007 /libungif/4.1.4-1/libungif-4.1.4-1-lib.zip
Sep 27 2003 /libutf8/0.8/libutf8-0.8-lib.zip
Jan 18 2005 /libwmf/0.2.8.3-1/libwmf-0.2.8.3-1-lib.zip
Apr 16 2004 /libxmi/1.2-1/libxmi-1.2-1-lib.zip
Jun 23 2002 /libxml/2.4.12-1/libxml2-2.4.12-1-lib.zip
Dec 23 2001 /libxslt/1.0.9/libxslt-1.0.9-lib.zip
Oct 12 2008 /m4/1.4.12/m4-1.4.12-lib.zip
May 12 2005 /netpbm/10.27/netpbm-10.27-lib.zip
Mar 15 2004 /ntfsprogs/1.9.0/ntfsprogs-1.9.0-lib.zip
Sep 03 2008 /openssl/0.9.8h-1/openssl-0.9.8h-1-lib.zip
Apr 03 2007 /pcre/7.0/pcre-7.0-lib.zip
Mar 13 2005 /pdcurses/2.6/pdcurses-2.6-lib.zip
Aug 13 2005 /pdflib-lite/6.0.2/pdflib-lite-6.0.2-lib.zip
Apr 16 2004 /plotutils/2.4.1-4/plotutils-2.4.1-4-lib.zip
Oct 04 2003 /popt/1.8-1/popt-1.8-1-lib.zip
Jan 02 2008 /readline/5.0-1/readline-5.0-1-lib.zip
Nov 03 2007 /regex/2.7/regex-2.7-lib.zip
Dec 19 2006 /regex-Spencer/3.8.g.3-1/rxspencer-3.8.g.3-1-lib.zip
Nov 19 2005 /rx/1.5-1/rx-1.5-1-lib.zip
Aug 13 2005 /t1lib/5.1.0/t1lib-5.1.0-lib.zip
Mar 16 2002 /termcap/1.3.1/termcap-1.3.1-lib.zip
Oct 02 2008 /texinfo/4.13a/texinfo-4.13a-lib.zip
Mar 30 2006 /tiff/3.8.2-1/tiff-3.8.2-1-lib.zip
Dec 20 2008 /tre/0.7.5/tre-0.7.5-lib.zip
Jan 02 2004 /ttf2pt1/3.4.4/ttf2pt1-3.4.4-lib.zip
Feb 20 2005 /unrar/3.4.3/unrar-3.4.3-lib.zip
Feb 14 2005 /unzip/5.51-1/unzip-5.51-1-lib.zip
Dec 27 2003 /urt/3.1b1-2/urt-3.1.b.1-2-lib.zip
Nov 21 2004 /wv/1.0.2/wv-1.0.2-lib.zip
Feb 14 2005 /xpm/3.5.1-1/xpm-3.5.1-1-lib.zip
Aug 26 2005 /zimg/4.24.0/zimg-4.24.0-lib.zip
Jul 13 2008 /zip/3.0/zip-3.0-lib.zip
Jul 25 2005 /zlib/1.2.3/zlib-1.2.3-lib.zip
